[2022-06-02 18:12:38,734 - INFO] Testing: demo\2008_000003.jpg
[2022-06-02 18:12:38,782 - WARNING] No faces are detected.
[2022-06-02 18:12:38,782 - INFO] Prob = -1
[2022-06-02 18:12:38,782 - INFO] Testing: demo\demo.mp4
[2022-06-02 18:12:39,347 - INFO] Frame 0
[2022-06-02 18:12:39,675 - INFO] 1 faces are detected.
[2022-06-02 18:12:40,599 - INFO] Frame 1
[2022-06-02 18:12:40,929 - INFO] 1 faces are detected.
[2022-06-02 18:12:41,555 - INFO] Frame 2
[2022-06-02 18:12:41,883 - INFO] 1 faces are detected.
[2022-06-02 18:12:42,506 - INFO] Frame 3
[2022-06-02 18:12:42,852 - INFO] 1 faces are detected.
[2022-06-02 18:12:43,483 - INFO] Frame 4
[2022-06-02 18:12:43,811 - INFO] 1 faces are detected.
[2022-06-02 18:12:44,442 - INFO] Frame 5
[2022-06-02 18:12:44,771 - INFO] 1 faces are detected.
[2022-06-02 18:12:45,407 - INFO] Frame 6
[2022-06-02 18:12:45,729 - INFO] 1 faces are detected.
[2022-06-02 18:12:46,684 - INFO] Frame 7
[2022-06-02 18:12:47,394 - INFO] 1 faces are detected.
[2022-06-02 18:12:48,630 - INFO] Frame 8
[2022-06-02 18:12:49,130 - INFO] 1 faces are detected.
[2022-06-02 18:12:49,892 - INFO] Frame 9
[2022-06-02 18:12:50,255 - INFO] 1 faces are detected.
[2022-06-02 18:12:51,016 - INFO] Frame 10
[2022-06-02 18:12:51,381 - INFO] 1 faces are detected.
[2022-06-02 18:12:52,173 - INFO] Frame 11
[2022-06-02 18:12:52,559 - INFO] 1 faces are detected.
[2022-06-02 18:12:53,307 - INFO] Frame 12
[2022-06-02 18:12:53,670 - INFO] 1 faces are detected.
[2022-06-02 18:12:54,412 - INFO] Frame 13
[2022-06-02 18:12:54,774 - INFO] 1 faces are detected.
[2022-06-02 18:12:55,522 - INFO] Frame 14
[2022-06-02 18:12:55,890 - INFO] 1 faces are detected.
[2022-06-02 18:12:56,634 - INFO] Frame 15
[2022-06-02 18:12:56,999 - INFO] 1 faces are detected.
[2022-06-02 18:12:57,764 - INFO] Frame 16
[2022-06-02 18:12:58,146 - INFO] 1 faces are detected.
[2022-06-02 18:12:58,903 - INFO] Frame 17
[2022-06-02 18:12:59,271 - INFO] 1 faces are detected.
[2022-06-02 18:13:00,020 - INFO] Frame 18
[2022-06-02 18:13:00,390 - INFO] 1 faces are detected.
[2022-06-02 18:13:01,126 - INFO] Frame 19
[2022-06-02 18:13:01,485 - INFO] 1 faces are detected.
[2022-06-02 18:13:02,225 - INFO] Frame 20
[2022-06-02 18:13:02,589 - INFO] 1 faces are detected.
[2022-06-02 18:13:03,327 - INFO] Frame 21
[2022-06-02 18:13:03,750 - INFO] 1 faces are detected.
[2022-06-02 18:13:04,546 - INFO] Frame 22
[2022-06-02 18:13:04,968 - INFO] 1 faces are detected.
[2022-06-02 18:13:05,749 - INFO] Frame 23
[2022-06-02 18:13:06,125 - INFO] 1 faces are detected.
[2022-06-02 18:13:06,890 - INFO] Frame 24
[2022-06-02 18:13:07,320 - INFO] 1 faces are detected.
[2022-06-02 18:13:08,077 - INFO] Frame 25
[2022-06-02 18:13:08,481 - INFO] 1 faces are detected.
[2022-06-02 18:13:09,246 - INFO] Frame 26
[2022-06-02 18:13:09,600 - INFO] 1 faces are detected.
[2022-06-02 18:13:10,346 - INFO] Frame 27
[2022-06-02 18:13:10,717 - INFO] 1 faces are detected.
[2022-06-02 18:13:11,528 - INFO] Frame 28
[2022-06-02 18:13:11,896 - INFO] 1 faces are detected.
[2022-06-02 18:13:12,652 - INFO] Frame 29
[2022-06-02 18:13:13,015 - INFO] 1 faces are detected.
[2022-06-02 18:13:13,769 - INFO] Frame 30
[2022-06-02 18:13:14,140 - INFO] 1 faces are detected.
[2022-06-02 18:13:14,882 - INFO] Frame 31
[2022-06-02 18:13:15,252 - INFO] 1 faces are detected.
[2022-06-02 18:13:15,990 - INFO] Frame 32
[2022-06-02 18:13:16,369 - INFO] 1 faces are detected.
[2022-06-02 18:13:17,109 - INFO] Frame 33
[2022-06-02 18:13:17,474 - INFO] 1 faces are detected.
[2022-06-02 18:13:18,240 - INFO] Frame 34
[2022-06-02 18:13:18,604 - INFO] 1 faces are detected.
[2022-06-02 18:13:19,359 - INFO] Frame 35
[2022-06-02 18:13:19,719 - INFO] 1 faces are detected.
[2022-06-02 18:13:20,460 - INFO] Frame 36
[2022-06-02 18:13:20,822 - INFO] 1 faces are detected.
[2022-06-02 18:13:21,578 - INFO] Frame 37
[2022-06-02 18:13:21,940 - INFO] 1 faces are detected.
[2022-06-02 18:13:22,695 - INFO] Frame 38
[2022-06-02 18:13:23,058 - INFO] 1 faces are detected.
[2022-06-02 18:13:23,812 - INFO] Frame 39
[2022-06-02 18:13:24,177 - INFO] 1 faces are detected.
[2022-06-02 18:13:24,957 - INFO] Frame 40
[2022-06-02 18:13:25,335 - INFO] 1 faces are detected.
[2022-06-02 18:13:26,070 - INFO] Frame 41
[2022-06-02 18:13:26,433 - INFO] 1 faces are detected.
[2022-06-02 18:13:27,163 - INFO] Frame 42
[2022-06-02 18:13:27,527 - INFO] 1 faces are detected.
[2022-06-02 18:13:28,285 - INFO] Frame 43
[2022-06-02 18:13:28,644 - INFO] 1 faces are detected.
[2022-06-02 18:13:29,382 - INFO] Frame 44
[2022-06-02 18:13:29,746 - INFO] 1 faces are detected.
[2022-06-02 18:13:30,510 - INFO] Frame 45
[2022-06-02 18:13:30,876 - INFO] 1 faces are detected.
[2022-06-02 18:13:31,701 - INFO] Frame 46
[2022-06-02 18:13:32,103 - INFO] 1 faces are detected.
[2022-06-02 18:13:32,960 - INFO] Frame 47
[2022-06-02 18:13:33,330 - INFO] 1 faces are detected.
[2022-06-02 18:13:34,234 - INFO] Frame 48
[2022-06-02 18:13:34,608 - INFO] 1 faces are detected.
[2022-06-02 18:13:35,432 - INFO] Frame 49
[2022-06-02 18:13:35,790 - INFO] 1 faces are detected.
[2022-06-02 18:13:37,045 - INFO] Frame 50
[2022-06-02 18:13:37,776 - INFO] 1 faces are detected.
[2022-06-02 18:13:38,812 - INFO] Frame 51
[2022-06-02 18:13:39,605 - INFO] 1 faces are detected.
[2022-06-02 18:13:40,466 - INFO] Frame 52
[2022-06-02 18:13:40,840 - INFO] 1 faces are detected.
[2022-06-02 18:13:41,640 - INFO] Frame 53
[2022-06-02 18:13:42,025 - INFO] 1 faces are detected.
[2022-06-02 18:13:42,835 - INFO] Frame 54
[2022-06-02 18:13:43,244 - INFO] 1 faces are detected.
[2022-06-02 18:13:44,027 - INFO] Frame 55
[2022-06-02 18:13:44,407 - INFO] 1 faces are detected.
[2022-06-02 18:13:45,184 - INFO] Frame 56
[2022-06-02 18:13:45,607 - INFO] 1 faces are detected.
[2022-06-02 18:13:46,413 - INFO] Frame 57
[2022-06-02 18:13:46,797 - INFO] 1 faces are detected.
[2022-06-02 18:13:47,581 - INFO] Frame 58
[2022-06-02 18:13:47,951 - INFO] 1 faces are detected.
[2022-06-02 18:13:48,745 - INFO] Frame 59
[2022-06-02 18:13:49,121 - INFO] 1 faces are detected.
[2022-06-02 18:13:49,910 - INFO] Frame 60
[2022-06-02 18:13:50,287 - INFO] 1 faces are detected.
[2022-06-02 18:13:51,065 - INFO] Frame 61
[2022-06-02 18:13:51,525 - INFO] 1 faces are detected.
[2022-06-02 18:13:52,322 - INFO] Frame 62
[2022-06-02 18:13:52,700 - INFO] 1 faces are detected.
[2022-06-02 18:13:53,475 - INFO] Frame 63
[2022-06-02 18:13:53,846 - INFO] 1 faces are detected.
[2022-06-02 18:13:54,630 - INFO] Frame 64
[2022-06-02 18:13:55,007 - INFO] 1 faces are detected.
[2022-06-02 18:13:55,782 - INFO] Frame 65
[2022-06-02 18:13:56,156 - INFO] 1 faces are detected.
[2022-06-02 18:13:56,960 - INFO] Frame 66
[2022-06-02 18:13:57,342 - INFO] 1 faces are detected.
[2022-06-02 18:13:58,111 - INFO] Frame 67
[2022-06-02 18:13:58,488 - INFO] 1 faces are detected.
[2022-06-02 18:13:59,246 - INFO] Frame 68
[2022-06-02 18:13:59,616 - INFO] 1 faces are detected.
[2022-06-02 18:14:00,390 - INFO] Frame 69
[2022-06-02 18:14:00,771 - INFO] 1 faces are detected.
[2022-06-02 18:14:01,534 - INFO] Frame 70
[2022-06-02 18:14:01,905 - INFO] 1 faces are detected.
[2022-06-02 18:14:02,673 - INFO] Frame 71
[2022-06-02 18:14:03,043 - INFO] 1 faces are detected.
[2022-06-02 18:14:03,816 - INFO] Frame 72
[2022-06-02 18:14:04,188 - INFO] 1 faces are detected.
[2022-06-02 18:14:04,990 - INFO] Frame 73
[2022-06-02 18:14:05,370 - INFO] 1 faces are detected.
[2022-06-02 18:14:06,155 - INFO] Frame 74
[2022-06-02 18:14:06,528 - INFO] 1 faces are detected.
[2022-06-02 18:14:07,322 - INFO] Frame 75
[2022-06-02 18:14:07,705 - INFO] 1 faces are detected.
[2022-06-02 18:14:08,509 - INFO] Frame 76
[2022-06-02 18:14:08,881 - INFO] 1 faces are detected.
[2022-06-02 18:14:09,675 - INFO] Frame 77
[2022-06-02 18:14:10,156 - INFO] 1 faces are detected.
[2022-06-02 18:14:10,975 - INFO] Frame 78
[2022-06-02 18:14:11,413 - INFO] 1 faces are detected.
[2022-06-02 18:14:12,234 - INFO] Frame 79
[2022-06-02 18:14:12,659 - INFO] 1 faces are detected.
[2022-06-02 18:14:13,511 - INFO] Frame 80
[2022-06-02 18:14:13,965 - INFO] 1 faces are detected.
[2022-06-02 18:14:14,790 - INFO] Frame 81
[2022-06-02 18:14:15,263 - INFO] 1 faces are detected.
[2022-06-02 18:14:16,065 - INFO] Frame 82
[2022-06-02 18:14:16,431 - INFO] 1 faces are detected.
[2022-06-02 18:14:17,211 - INFO] Frame 83
[2022-06-02 18:14:17,593 - INFO] 1 faces are detected.
[2022-06-02 18:14:18,373 - INFO] Frame 84
[2022-06-02 18:14:18,754 - INFO] 1 faces are detected.
[2022-06-02 18:14:19,525 - INFO] Frame 85
[2022-06-02 18:14:19,904 - INFO] 1 faces are detected.
[2022-06-02 18:14:20,705 - INFO] Frame 86
[2022-06-02 18:14:21,085 - INFO] 1 faces are detected.
[2022-06-02 18:14:21,950 - INFO] Frame 87
[2022-06-02 18:14:22,331 - INFO] 1 faces are detected.
[2022-06-02 18:14:23,122 - INFO] Frame 88
[2022-06-02 18:14:23,494 - INFO] 1 faces are detected.
[2022-06-02 18:14:24,280 - INFO] Frame 89
[2022-06-02 18:14:24,664 - INFO] 1 faces are detected.
[2022-06-02 18:14:25,457 - INFO] Frame 90
[2022-06-02 18:14:25,841 - INFO] 1 faces are detected.
[2022-06-02 18:14:26,612 - INFO] Frame 91
[2022-06-02 18:14:26,982 - INFO] 1 faces are detected.
[2022-06-02 18:14:27,771 - INFO] Frame 92
[2022-06-02 18:14:28,142 - INFO] 1 faces are detected.
[2022-06-02 18:14:28,928 - INFO] Frame 93
[2022-06-02 18:14:29,299 - INFO] 1 faces are detected.
[2022-06-02 18:14:30,284 - INFO] Frame 94
[2022-06-02 18:14:30,671 - INFO] 1 faces are detected.
[2022-06-02 18:14:31,728 - INFO] Frame 95
[2022-06-02 18:14:32,097 - INFO] 1 faces are detected.
[2022-06-02 18:14:32,861 - INFO] Frame 96
[2022-06-02 18:14:33,228 - INFO] 1 faces are detected.
[2022-06-02 18:14:34,002 - INFO] Frame 97
[2022-06-02 18:14:34,365 - INFO] 1 faces are detected.
[2022-06-02 18:14:35,142 - INFO] Frame 98
[2022-06-02 18:14:35,521 - INFO] 1 faces are detected.
[2022-06-02 18:14:36,290 - INFO] Frame 99
[2022-06-02 18:14:36,710 - INFO] 1 faces are detected.
[2022-06-02 18:14:37,479 - INFO] Frame 100
[2022-06-02 18:14:37,873 - INFO] 1 faces are detected.
[2022-06-02 18:14:38,693 - INFO] Frame 101
[2022-06-02 18:14:39,070 - INFO] 1 faces are detected.
[2022-06-02 18:14:39,945 - INFO] Frame 102
[2022-06-02 18:14:40,348 - INFO] 1 faces are detected.
[2022-06-02 18:14:41,175 - INFO] Frame 103
[2022-06-02 18:14:41,571 - INFO] 1 faces are detected.
[2022-06-02 18:14:42,545 - INFO] Frame 104
[2022-06-02 18:14:42,880 - INFO] 1 faces are detected.
[2022-06-02 18:14:43,606 - INFO] Frame 105
[2022-06-02 18:14:44,025 - INFO] 1 faces are detected.
[2022-06-02 18:14:44,847 - INFO] Frame 106
[2022-06-02 18:14:45,213 - INFO] 1 faces are detected.
[2022-06-02 18:14:46,111 - INFO] Frame 107
[2022-06-02 18:14:46,498 - INFO] 1 faces are detected.
[2022-06-02 18:14:47,266 - INFO] Frame 108
[2022-06-02 18:14:47,683 - INFO] 1 faces are detected.
[2022-06-02 18:14:48,700 - INFO] Frame 109
[2022-06-02 18:14:49,365 - INFO] 1 faces are detected.
[2022-06-02 18:14:51,044 - INFO] Frame 110
[2022-06-02 18:14:51,803 - INFO] 1 faces are detected.
[2022-06-02 18:14:52,482 - INFO] Frame 111
[2022-06-02 18:14:52,820 - INFO] 1 faces are detected.
[2022-06-02 18:14:53,479 - INFO] Frame 112
[2022-06-02 18:14:53,807 - INFO] 1 faces are detected.
[2022-06-02 18:14:54,471 - INFO] Frame 113
[2022-06-02 18:14:54,803 - INFO] 1 faces are detected.
[2022-06-02 18:14:55,446 - INFO] Frame 114
[2022-06-02 18:14:55,789 - INFO] 1 faces are detected.
[2022-06-02 18:14:56,441 - INFO] Frame 115
[2022-06-02 18:14:56,794 - INFO] 1 faces are detected.
[2022-06-02 18:14:57,425 - INFO] Frame 116
[2022-06-02 18:14:57,765 - INFO] 1 faces are detected.
[2022-06-02 18:14:58,456 - INFO] Frame 117
[2022-06-02 18:14:58,800 - INFO] 1 faces are detected.
[2022-06-02 18:14:59,432 - INFO] Frame 118
[2022-06-02 18:14:59,779 - INFO] 1 faces are detected.
[2022-06-02 18:15:00,435 - INFO] Frame 119
[2022-06-02 18:15:00,764 - INFO] 1 faces are detected.
[2022-06-02 18:15:01,420 - INFO] Frame 120
[2022-06-02 18:15:01,741 - INFO] 1 faces are detected.
[2022-06-02 18:15:02,382 - INFO] Frame 121
[2022-06-02 18:15:02,727 - INFO] 1 faces are detected.
[2022-06-02 18:15:03,839 - INFO] Frame 122
[2022-06-02 18:15:04,731 - INFO] 1 faces are detected.
[2022-06-02 18:15:05,663 - INFO] Frame 123
[2022-06-02 18:15:06,134 - INFO] 1 faces are detected.
[2022-06-02 18:15:07,027 - INFO] Frame 124
[2022-06-02 18:15:07,385 - INFO] 1 faces are detected.
[2022-06-02 18:15:08,325 - INFO] Frame 125
[2022-06-02 18:15:08,857 - INFO] 1 faces are detected.
[2022-06-02 18:15:09,888 - INFO] Frame 126
[2022-06-02 18:15:10,341 - INFO] 1 faces are detected.
[2022-06-02 18:15:11,303 - INFO] Frame 127
[2022-06-02 18:15:11,765 - INFO] 1 faces are detected.
[2022-06-02 18:15:12,771 - INFO] Frame 128
[2022-06-02 18:15:13,136 - INFO] 1 faces are detected.
[2022-06-02 18:15:13,898 - INFO] Frame 129
[2022-06-02 18:15:14,272 - INFO] 1 faces are detected.
[2022-06-02 18:15:15,032 - INFO] Frame 130
[2022-06-02 18:15:15,418 - INFO] 1 faces are detected.
[2022-06-02 18:15:16,242 - INFO] Frame 131
[2022-06-02 18:15:16,674 - INFO] 1 faces are detected.
[2022-06-02 18:15:17,478 - INFO] Frame 132
[2022-06-02 18:15:17,897 - INFO] 1 faces are detected.
[2022-06-02 18:15:18,667 - INFO] Frame 133
[2022-06-02 18:15:19,092 - INFO] 1 faces are detected.
[2022-06-02 18:15:19,908 - INFO] Prob = 0.019504145
[2022-06-02 18:15:20,202 - INFO] Testing: demo\demo_fake.mp4
[2022-06-02 18:15:20,636 - INFO] Frame 0
[2022-06-02 18:15:20,857 - INFO] 1 faces are detected.
[2022-06-02 18:15:21,710 - INFO] Frame 1
[2022-06-02 18:15:21,924 - INFO] 1 faces are detected.
[2022-06-02 18:15:22,653 - INFO] Frame 2
[2022-06-02 18:15:22,874 - INFO] 1 faces are detected.
[2022-06-02 18:15:23,627 - INFO] Frame 3
[2022-06-02 18:15:23,852 - INFO] 1 faces are detected.
[2022-06-02 18:15:24,615 - INFO] Frame 4
[2022-06-02 18:15:24,846 - INFO] 1 faces are detected.
[2022-06-02 18:15:25,655 - INFO] Frame 5
[2022-06-02 18:15:25,886 - INFO] 1 faces are detected.
[2022-06-02 18:15:26,688 - INFO] Frame 6
[2022-06-02 18:15:26,914 - INFO] 1 faces are detected.
[2022-06-02 18:15:27,723 - INFO] Frame 7
[2022-06-02 18:15:27,946 - INFO] 1 faces are detected.
[2022-06-02 18:15:28,727 - INFO] Frame 8
[2022-06-02 18:15:28,959 - INFO] 1 faces are detected.
[2022-06-02 18:15:29,723 - INFO] Frame 9
[2022-06-02 18:15:29,946 - INFO] 1 faces are detected.
[2022-06-02 18:15:30,701 - INFO] Frame 10
[2022-06-02 18:15:30,927 - INFO] 1 faces are detected.
[2022-06-02 18:15:31,680 - INFO] Frame 11
[2022-06-02 18:15:31,906 - INFO] 1 faces are detected.
[2022-06-02 18:15:32,657 - INFO] Frame 12
[2022-06-02 18:15:32,884 - INFO] 1 faces are detected.
[2022-06-02 18:15:33,632 - INFO] Frame 13
[2022-06-02 18:15:33,864 - INFO] 1 faces are detected.
[2022-06-02 18:15:34,610 - INFO] Frame 14
[2022-06-02 18:15:34,833 - INFO] 1 faces are detected.
[2022-06-02 18:15:35,586 - INFO] Frame 15
[2022-06-02 18:15:35,811 - INFO] 1 faces are detected.
[2022-06-02 18:15:36,566 - INFO] Frame 16
[2022-06-02 18:15:36,788 - INFO] 1 faces are detected.
[2022-06-02 18:15:37,541 - INFO] Frame 17
[2022-06-02 18:15:37,766 - INFO] 1 faces are detected.
[2022-06-02 18:15:38,521 - INFO] Frame 18
[2022-06-02 18:15:38,752 - INFO] 1 faces are detected.
[2022-06-02 18:15:39,530 - INFO] Frame 19
[2022-06-02 18:15:39,758 - INFO] 1 faces are detected.
[2022-06-02 18:15:40,535 - INFO] Frame 20
[2022-06-02 18:15:40,759 - INFO] 1 faces are detected.
[2022-06-02 18:15:41,521 - INFO] Frame 21
[2022-06-02 18:15:41,740 - INFO] 1 faces are detected.
[2022-06-02 18:15:42,495 - INFO] Frame 22
[2022-06-02 18:15:42,764 - INFO] 1 faces are detected.
[2022-06-02 18:15:43,724 - INFO] Frame 23
[2022-06-02 18:15:44,020 - INFO] 1 faces are detected.
[2022-06-02 18:15:44,957 - INFO] Frame 24
[2022-06-02 18:15:45,310 - INFO] 1 faces are detected.
[2022-06-02 18:15:46,280 - INFO] Frame 25
[2022-06-02 18:15:46,549 - INFO] 1 faces are detected.
[2022-06-02 18:15:47,487 - INFO] Frame 26
[2022-06-02 18:15:47,764 - INFO] 1 faces are detected.
[2022-06-02 18:15:48,722 - INFO] Frame 27
[2022-06-02 18:15:48,978 - INFO] 1 faces are detected.
[2022-06-02 18:15:49,732 - INFO] Frame 28
[2022-06-02 18:15:49,956 - INFO] 1 faces are detected.
[2022-06-02 18:15:50,708 - INFO] Frame 29
[2022-06-02 18:15:50,930 - INFO] 1 faces are detected.
[2022-06-02 18:15:51,703 - INFO] Frame 30
[2022-06-02 18:15:51,925 - INFO] 1 faces are detected.
[2022-06-02 18:15:52,679 - INFO] Frame 31
[2022-06-02 18:15:52,904 - INFO] 1 faces are detected.
[2022-06-02 18:15:53,650 - INFO] Frame 32
[2022-06-02 18:15:53,878 - INFO] 1 faces are detected.
[2022-06-02 18:15:54,632 - INFO] Frame 33
[2022-06-02 18:15:54,860 - INFO] 1 faces are detected.
[2022-06-02 18:15:55,641 - INFO] Frame 34
[2022-06-02 18:15:55,864 - INFO] 1 faces are detected.
[2022-06-02 18:15:56,612 - INFO] Frame 35
[2022-06-02 18:15:56,843 - INFO] 1 faces are detected.
[2022-06-02 18:15:57,595 - INFO] Frame 36
[2022-06-02 18:15:57,826 - INFO] 1 faces are detected.
[2022-06-02 18:15:58,579 - INFO] Frame 37
[2022-06-02 18:15:58,809 - INFO] 1 faces are detected.
[2022-06-02 18:15:59,599 - INFO] Frame 38
[2022-06-02 18:15:59,859 - INFO] 1 faces are detected.
[2022-06-02 18:16:00,625 - INFO] Frame 39
[2022-06-02 18:16:00,852 - INFO] 1 faces are detected.
[2022-06-02 18:16:01,607 - INFO] Frame 40
[2022-06-02 18:16:01,833 - INFO] 1 faces are detected.
[2022-06-02 18:16:02,579 - INFO] Frame 41
[2022-06-02 18:16:02,804 - INFO] 1 faces are detected.
[2022-06-02 18:16:03,553 - INFO] Frame 42
[2022-06-02 18:16:03,774 - INFO] 1 faces are detected.
[2022-06-02 18:16:04,519 - INFO] Frame 43
[2022-06-02 18:16:04,739 - INFO] 1 faces are detected.
[2022-06-02 18:16:05,492 - INFO] Frame 44
[2022-06-02 18:16:05,717 - INFO] 1 faces are detected.
[2022-06-02 18:16:06,523 - INFO] Frame 45
[2022-06-02 18:16:06,752 - INFO] 1 faces are detected.
[2022-06-02 18:16:07,501 - INFO] Frame 46
[2022-06-02 18:16:07,726 - INFO] 1 faces are detected.
[2022-06-02 18:16:08,475 - INFO] Frame 47
[2022-06-02 18:16:08,704 - INFO] 1 faces are detected.
[2022-06-02 18:16:09,458 - INFO] Frame 48
[2022-06-02 18:16:09,683 - INFO] 1 faces are detected.
[2022-06-02 18:16:10,432 - INFO] Frame 49
[2022-06-02 18:16:10,733 - INFO] 1 faces are detected.
[2022-06-02 18:16:11,847 - INFO] Frame 50
[2022-06-02 18:16:12,425 - INFO] 1 faces are detected.
[2022-06-02 18:16:13,890 - INFO] Frame 51
[2022-06-02 18:16:14,804 - INFO] 1 faces are detected.
[2022-06-02 18:16:15,724 - INFO] Frame 52
[2022-06-02 18:16:16,163 - INFO] 1 faces are detected.
[2022-06-02 18:16:17,339 - INFO] Frame 53
[2022-06-02 18:16:17,751 - INFO] 1 faces are detected.
[2022-06-02 18:16:18,898 - INFO] Frame 54
[2022-06-02 18:16:19,263 - INFO] 1 faces are detected.
[2022-06-02 18:16:20,190 - INFO] Frame 55
[2022-06-02 18:16:20,465 - INFO] 1 faces are detected.
[2022-06-02 18:16:21,401 - INFO] Frame 56
[2022-06-02 18:16:21,822 - INFO] 1 faces are detected.
[2022-06-02 18:16:23,407 - INFO] Frame 57
